mode: set
github.com/ramsng/mainexercises/handson6/254.ex/word/word.go:8.41,11.23 3 1
github.com/ramsng/mainexercises/handson6/254.ex/word/word.go:11.23,13.3 1 1
github.com/ramsng/mainexercises/handson6/254.ex/word/word.go:14.2,14.10 1 1
github.com/ramsng/mainexercises/handson6/254.ex/word/word.go:19.40,22.23 3 1
github.com/ramsng/mainexercises/handson6/254.ex/word/word.go:22.23,24.3 1 1
github.com/ramsng/mainexercises/handson6/254.ex/word/word.go:25.2,25.10 1 1
github.com/ramsng/mainexercises/handson6/254.ex/word/word.go:29.26,32.2 2 1
